[ 2017-12-09T00:55:49+08:00 ] 127.0.0.1 /index.php?g=Portal&m=AdminPost&a=index
INFO: [ app_init ] --START--
INFO: Run Behavior\BuildLiteBehavior [ RunTime:0.000000s ]
INFO: Run Common\Behavior\InitHookBehavior [ RunTime:0.002000s ]
INFO: [ app_init ] --END-- [ RunTime:0.002000s ]
INFO: [ app_begin ] --START--
INFO: Run Behavior\ReadHtmlCacheBehavior [ RunTime:0.000000s ]
INFO: Run Behavior\CheckLangBehavior [ RunTime:0.003000s ]
INFO: Run Common\Behavior\UrldecodeGetBehavior [ RunTime:0.000000s ]
INFO: [ app_begin ] --END-- [ RunTime:0.003000s ]
INFO: [ admin_begin ] --START--
INFO: Run Common\Behavior\AdminDefaultLangBehavior [ RunTime:0.002000s ]
INFO: [ admin_begin ] --END-- [ RunTime:0.002000s ]
SQL: SHOW COLUMNS FROM `cmf_users` [ RunTime:0.0020s ]
SQL: SELECT * FROM `cmf_users` WHERE `id` = '1' LIMIT 1   [ RunTime:0.0010s ]
NOTIC: [2] Declaration of Think\Model\RelationShipModel::join($join = '') should be compatible with Think\Model::join($join, $type = 'INNER') E:\www\thinkcmfxapi\simplewind\Core\Library\Think\Model\RelationShipModel.class.php 第 0 行.
SQL: SHOW COLUMNS FROM `cmf_posts` [ RunTime:0.0190s ]
SQL: SHOW COLUMNS FROM `cmf_terms` [ RunTime:0.0120s ]
SQL: SHOW COLUMNS FROM `cmf_term_relationships` [ RunTime:0.0090s ]
NOTIC: [8] Undefined index: term E:\www\thinkcmfxapi\application\Portal\Controller\AdminPostController.class.php 第 155 行.
SQL: SHOW COLUMNS FROM `cmf_terms` [ RunTime:0.0020s ]
SQL: SELECT * FROM `cmf_terms` WHERE ( status=1 and path like '%-0-%' ) ORDER BY listorder asc  [ RunTime:0.0010s ]
NOTIC: [8] Undefined index: term E:\www\thinkcmfxapi\application\Portal\Controller\AdminPostController.class.php 第 156 行.
NOTIC: [8] Undefined index: t0 E:\www\thinkcmfxapi\application\Portal\Service\ApiService.class.php 第 379 行.
SQL: SELECT COUNT(*) AS tp_count FROM cmf_posts a WHERE `post_status` <> 3 AND ( `post_type` = 1 OR `post_type` IS NULL ) LIMIT 1   [ RunTime:0.0010s ]
SQL: SELECT a.*,c.user_login,c.user_nicename FROM cmf_posts a INNER JOIN cmf_users c ON a.post_author = c.id  WHERE `post_status` <> 3 AND ( `post_type` = 1 OR `post_type` IS NULL ) ORDER BY a.post_date DESC LIMIT 0,20   [ RunTime:0.0020s ]
SQL: SELECT * FROM `cmf_terms` ORDER BY `listorder` asc  [ RunTime:0.0010s ]
SQL: SHOW COLUMNS FROM `cmf_options` [ RunTime:0.0030s ]
SQL: SELECT `option_value` FROM `cmf_options` WHERE `option_name` = 'cdn_settings' LIMIT 1   [ RunTime:0.0010s ]
INFO: [ view_parse ] --START--
INFO: [ template_filter ] --START--
INFO: Run Behavior\ContentReplaceBehavior [ RunTime:0.000000s ]
INFO: [ template_filter ] --END-- [ RunTime:0.000000s ]
INFO: Run Behavior\ParseTemplateBehavior [ RunTime:0.035002s ]
INFO: [ view_parse ] --END-- [ RunTime:0.035002s ]
INFO: [ view_filter ] --START--
INFO: Run Behavior\WriteHtmlCacheBehavior [ RunTime:0.000000s ]
INFO: Run Common\Behavior\TmplStripSpaceBehavior [ RunTime:0.001001s ]
INFO: [ view_filter ] --END-- [ RunTime:0.001001s ]
INFO: [ app_end ] --START--
INFO: Run Behavior\ShowPageTraceBehavior [ RunTime:0.000000s ]
INFO: [ app_end ] --END-- [ RunTime:0.000000s ]

[ 2017-12-09T00:55:52+08:00 ] 127.0.0.1 /index.php?g=Portal&m=AdminTerm&a=index
INFO: [ app_init ] --START--
INFO: Run Behavior\BuildLiteBehavior [ RunTime:0.000000s ]
INFO: Run Common\Behavior\InitHookBehavior [ RunTime:0.001000s ]
INFO: [ app_init ] --END-- [ RunTime:0.002000s ]
INFO: [ app_begin ] --START--
INFO: Run Behavior\ReadHtmlCacheBehavior [ RunTime:0.001000s ]
INFO: Run Behavior\CheckLangBehavior [ RunTime:0.003000s ]
INFO: Run Common\Behavior\UrldecodeGetBehavior [ RunTime:0.001000s ]
INFO: [ app_begin ] --END-- [ RunTime:0.005000s ]
INFO: [ admin_begin ] --START--
INFO: Run Common\Behavior\AdminDefaultLangBehavior [ RunTime:0.002000s ]
INFO: [ admin_begin ] --END-- [ RunTime:0.002000s ]
SQL: SHOW COLUMNS FROM `cmf_users` [ RunTime:0.0040s ]
SQL: SELECT * FROM `cmf_users` WHERE `id` = '1' LIMIT 1   [ RunTime:0.0020s ]
NOTIC: [2] Declaration of Think\Model\RelationShipModel::join($join = '') should be compatible with Think\Model::join($join, $type = 'INNER') E:\www\thinkcmfxapi\simplewind\Core\Library\Think\Model\RelationShipModel.class.php 第 0 行.
SQL: SHOW COLUMNS FROM `cmf_terms` [ RunTime:0.0030s ]
SQL: SELECT * FROM `cmf_terms` ORDER BY `listorder` asc  [ RunTime:0.0010s ]
SQL: SHOW COLUMNS FROM `cmf_options` [ RunTime:0.0030s ]
SQL: SELECT `option_value` FROM `cmf_options` WHERE `option_name` = 'cdn_settings' LIMIT 1   [ RunTime:0.0010s ]
INFO: [ view_parse ] --START--
INFO: [ template_filter ] --START--
INFO: Run Behavior\ContentReplaceBehavior [ RunTime:0.000000s ]
INFO: [ template_filter ] --END-- [ RunTime:0.000000s ]
INFO: Run Behavior\ParseTemplateBehavior [ RunTime:0.022001s ]
INFO: [ view_parse ] --END-- [ RunTime:0.022001s ]
INFO: [ view_filter ] --START--
INFO: Run Behavior\WriteHtmlCacheBehavior [ RunTime:0.000000s ]
INFO: Run Common\Behavior\TmplStripSpaceBehavior [ RunTime:0.000000s ]
INFO: [ view_filter ] --END-- [ RunTime:0.001000s ]
INFO: [ app_end ] --START--
INFO: Run Behavior\ShowPageTraceBehavior [ RunTime:0.000000s ]
INFO: [ app_end ] --END-- [ RunTime:0.001000s ]

