[ 2017-11-16T22:10:04+08:00 ] 127.0.0.1 /
INFO: [ app_init ] --START--
INFO: Run Behavior\BuildLiteBehavior [ RunTime:0.000000s ]
INFO: Run Common\Behavior\InitHookBehavior [ RunTime:0.010000s ]
INFO: [ app_init ] --END-- [ RunTime:0.012000s ]
INFO: [ app_begin ] --START--
INFO: Run Behavior\ReadHtmlCacheBehavior [ RunTime:0.003000s ]
INFO: Run Behavior\CheckLangBehavior [ RunTime:0.034002s ]
INFO: Run Common\Behavior\UrldecodeGetBehavior [ RunTime:0.002000s ]
INFO: [ app_begin ] --END-- [ RunTime:0.039002s ]
ERR: SQLSTATE[HY000] [1045] Access denied for user 'root'@'localhost' (using password: YES)

[ 2017-11-16T22:54:25+08:00 ] 127.0.0.1 /
INFO: [ app_init ] --START--
INFO: Run Behavior\BuildLiteBehavior [ RunTime:0.000000s ]
INFO: Run Common\Behavior\InitHookBehavior [ RunTime:0.006000s ]
INFO: [ app_init ] --END-- [ RunTime:0.007000s ]
INFO: [ app_begin ] --START--
INFO: Run Behavior\ReadHtmlCacheBehavior [ RunTime:0.001000s ]
INFO: Run Behavior\CheckLangBehavior [ RunTime:0.005000s ]
INFO: Run Common\Behavior\UrldecodeGetBehavior [ RunTime:0.001000s ]
INFO: [ app_begin ] --END-- [ RunTime:0.009000s ]
SQL: SHOW COLUMNS FROM `cmf_options` [ RunTime:0.0020s ]
SQL: SELECT * FROM `cmf_options` WHERE ( option_name='site_options' ) LIMIT 1   [ RunTime:0.0010s ]
SQL: SELECT `option_value` FROM `cmf_options` WHERE `option_name` = 'cdn_settings' LIMIT 1   [ RunTime:0.0000s ]
INFO: [ view_parse ] --START--
INFO: [ template_filter ] --START--
INFO: Run Behavior\ContentReplaceBehavior [ RunTime:0.001000s ]
INFO: [ template_filter ] --END-- [ RunTime:0.001000s ]
SQL: SHOW COLUMNS FROM `cmf_nav` [ RunTime:0.0030s ]
SQL: SHOW COLUMNS FROM `cmf_nav_cat` [ RunTime:0.0020s ]
SQL: SELECT * FROM `cmf_nav_cat` WHERE ( active=1 ) LIMIT 1   [ RunTime:0.0010s ]
SQL: SELECT * FROM `cmf_nav` WHERE `cid` = 1 AND `status` = 1 ORDER BY `listorder` ASC  [ RunTime:0.0010s ]
SQL: SHOW COLUMNS FROM `cmf_route` [ RunTime:0.0020s ]
SQL: SELECT * FROM `cmf_route` WHERE ( status=1 ) ORDER BY listorder asc  [ RunTime:0.0000s ]
SQL: SHOW COLUMNS FROM `cmf_slide_cat` [ RunTime:0.0020s ]
SQL: SELECT * FROM cmf_slide_cat a INNER JOIN cmf_slide as b on a.cid =b.slide_cid  WHERE ( a.cat_idname='portal_index' and b.slide_status=1 ) ORDER BY listorder ASC LIMIT 0,5   [ RunTime:0.0020s ]
SQL: SHOW COLUMNS FROM `cmf_terms` [ RunTime:0.0030s ]
SQL: SELECT * FROM `cmf_terms` WHERE ( status=1 and path like '%-1-%' ) ORDER BY listorder asc  [ RunTime:0.0010s ]
SQL: SELECT * FROM `cmf_terms` WHERE ( status=1 )  [ RunTime:0.0010s ]
SQL: SELECT * FROM `cmf_terms` WHERE ( status=1 and path like '%-2-%' ) ORDER BY listorder asc  [ RunTime:0.0010s ]
SQL: SHOW COLUMNS FROM `cmf_term_relationships` [ RunTime:0.0040s ]
SQL: SELECT `post_title`,`post_excerpt`,`object_id`,`smeta`,`term_id` FROM cmf_term_relationships term_relationships INNER JOIN cmf_posts as posts on term_relationships.object_id = posts.id INNER JOIN cmf_users as users on posts.post_author = users.id  WHERE term_relationships.status = 1 AND posts.post_status = 1 AND term_relationships.term_id IN ('1','2') ORDER BY listorder asc LIMIT 4   [ RunTime:0.0040s ]
SQL: SHOW COLUMNS FROM `cmf_links` [ RunTime:0.0030s ]
SQL: SELECT * FROM `cmf_links` WHERE ( link_status=1 ) ORDER BY listorder ASC  [ RunTime:0.0000s ]
INFO: Run Behavior\ParseTemplateBehavior [ RunTime:0.138007s ]
INFO: [ view_parse ] --END-- [ RunTime:0.138007s ]
INFO: [ view_filter ] --START--
INFO: Run Behavior\WriteHtmlCacheBehavior [ RunTime:0.001001s ]
INFO: Run Common\Behavior\TmplStripSpaceBehavior [ RunTime:0.001000s ]
INFO: [ view_filter ] --END-- [ RunTime:0.002001s ]
INFO: [ app_end ] --START--
INFO: Run Behavior\ShowPageTraceBehavior [ RunTime:0.000000s ]
INFO: [ app_end ] --END-- [ RunTime:0.000000s ]

[ 2017-11-16T22:54:25+08:00 ] 127.0.0.1 /
INFO: [ app_init ] --START--
INFO: Run Behavior\BuildLiteBehavior [ RunTime:0.000000s ]
INFO: Run Common\Behavior\InitHookBehavior [ RunTime:0.002000s ]
INFO: [ app_init ] --END-- [ RunTime:0.002000s ]
INFO: [ app_begin ] --START--
INFO: Run Behavior\ReadHtmlCacheBehavior [ RunTime:0.000000s ]
INFO: Run Behavior\CheckLangBehavior [ RunTime:0.001001s ]
INFO: Run Common\Behavior\UrldecodeGetBehavior [ RunTime:0.000000s ]
INFO: [ app_begin ] --END-- [ RunTime:0.002001s ]
SQL: SHOW COLUMNS FROM `cmf_options` [ RunTime:0.0020s ]
SQL: SELECT `option_value` FROM `cmf_options` WHERE `option_name` = 'cdn_settings' LIMIT 1   [ RunTime:0.0000s ]
INFO: [ view_parse ] --START--
INFO: [ template_filter ] --START--
INFO: Run Behavior\ContentReplaceBehavior [ RunTime:0.000000s ]
INFO: [ template_filter ] --END-- [ RunTime:0.001000s ]
SQL: SHOW COLUMNS FROM `cmf_slide_cat` [ RunTime:0.0020s ]
SQL: SELECT * FROM cmf_slide_cat a INNER JOIN cmf_slide as b on a.cid =b.slide_cid  WHERE ( a.cat_idname='portal_index' and b.slide_status=1 ) ORDER BY listorder ASC LIMIT 0,5   [ RunTime:0.0030s ]
SQL: SHOW COLUMNS FROM `cmf_terms` [ RunTime:0.0030s ]
SQL: SELECT * FROM `cmf_terms` WHERE ( status=1 and path like '%-1-%' ) ORDER BY listorder asc  [ RunTime:0.0010s ]
SQL: SELECT * FROM `cmf_terms` WHERE ( status=1 and path like '%-2-%' ) ORDER BY listorder asc  [ RunTime:0.0010s ]
SQL: SHOW COLUMNS FROM `cmf_term_relationships` [ RunTime:0.0020s ]
SQL: SELECT `post_title`,`post_excerpt`,`object_id`,`smeta`,`term_id` FROM cmf_term_relationships term_relationships INNER JOIN cmf_posts as posts on term_relationships.object_id = posts.id INNER JOIN cmf_users as users on posts.post_author = users.id  WHERE term_relationships.status = 1 AND posts.post_status = 1 AND term_relationships.term_id IN ('1','2') ORDER BY listorder asc LIMIT 4   [ RunTime:0.0030s ]
SQL: SHOW COLUMNS FROM `cmf_links` [ RunTime:0.0020s ]
SQL: SELECT * FROM `cmf_links` WHERE ( link_status=1 ) ORDER BY listorder ASC  [ RunTime:0.0000s ]
INFO: Run Behavior\ParseTemplateBehavior [ RunTime:0.067003s ]
INFO: [ view_parse ] --END-- [ RunTime:0.067003s ]
INFO: [ view_filter ] --START--
INFO: Run Behavior\WriteHtmlCacheBehavior [ RunTime:0.001001s ]
INFO: Run Common\Behavior\TmplStripSpaceBehavior [ RunTime:0.000000s ]
INFO: [ view_filter ] --END-- [ RunTime:0.001001s ]
INFO: [ app_end ] --START--
INFO: Run Behavior\ShowPageTraceBehavior [ RunTime:0.000000s ]
INFO: [ app_end ] --END-- [ RunTime:0.001000s ]

