[ 2018-03-07T23:21:03+08:00 ] 127.0.0.1 /
INFO: [ app_init ] --START--
INFO: Run Behavior\BuildLiteBehavior [ RunTime:0.000000s ]
INFO: Run Common\Behavior\InitHookBehavior [ RunTime:0.002500s ]
INFO: [ app_init ] --END-- [ RunTime:0.005000s ]
INFO: [ app_begin ] --START--
INFO: Run Behavior\ReadHtmlCacheBehavior [ RunTime:0.000000s ]
INFO: Run Behavior\CheckLangBehavior [ RunTime:0.002500s ]
INFO: Run Common\Behavior\UrldecodeGetBehavior [ RunTime:0.000000s ]
INFO: [ app_begin ] --END-- [ RunTime:0.005000s ]
SQL: SHOW COLUMNS FROM `cmf_options` [ RunTime:0.0075s ]
SQL: SELECT `option_value` FROM `cmf_options` WHERE `option_name` = 'cdn_settings' LIMIT 1   [ RunTime:0.0025s ]
INFO: [ view_parse ] --START--
INFO: [ template_filter ] --START--
INFO: Run Behavior\ContentReplaceBehavior [ RunTime:0.000000s ]
INFO: [ template_filter ] --END-- [ RunTime:0.000000s ]
SQL: SHOW COLUMNS FROM `cmf_slide_cat` [ RunTime:0.0275s ]
SQL: SELECT * FROM cmf_slide_cat a INNER JOIN cmf_slide as b on a.cid =b.slide_cid  WHERE ( a.cat_idname='portal_index' and b.slide_status=1 ) ORDER BY listorder ASC LIMIT 0,5   [ RunTime:0.0300s ]
SQL: SHOW COLUMNS FROM `cmf_terms` [ RunTime:0.0200s ]
SQL: SELECT * FROM `cmf_terms` WHERE ( status=1 and path like '%-1-%' ) ORDER BY listorder asc  [ RunTime:0.0025s ]
SQL: SELECT * FROM `cmf_terms` WHERE ( status=1 and path like '%-2-%' ) ORDER BY listorder asc  [ RunTime:0.0000s ]
SQL: SHOW COLUMNS FROM `cmf_term_relationships` [ RunTime:0.0200s ]
SQL: SELECT `post_title`,`post_excerpt`,`object_id`,`smeta`,`term_id` FROM cmf_term_relationships term_relationships INNER JOIN cmf_posts as posts on term_relationships.object_id = posts.id INNER JOIN cmf_users as users on posts.post_author = users.id  WHERE term_relationships.status = 1 AND posts.post_status = 1 AND term_relationships.term_id IN ('1','2') ORDER BY listorder asc LIMIT 4   [ RunTime:0.0525s ]
SQL: SHOW COLUMNS FROM `cmf_links` [ RunTime:0.0050s ]
SQL: SELECT * FROM `cmf_links` WHERE ( link_status=1 ) ORDER BY listorder ASC  [ RunTime:0.0000s ]
INFO: Run Behavior\ParseTemplateBehavior [ RunTime:0.360006s ]
INFO: [ view_parse ] --END-- [ RunTime:0.360006s ]
INFO: [ view_filter ] --START--
INFO: Run Behavior\WriteHtmlCacheBehavior [ RunTime:0.000000s ]
INFO: Run Common\Behavior\TmplStripSpaceBehavior [ RunTime:0.020000s ]
INFO: [ view_filter ] --END-- [ RunTime:0.020000s ]
INFO: [ app_end ] --START--
INFO: Run Behavior\ShowPageTraceBehavior [ RunTime:0.000000s ]
INFO: [ app_end ] --END-- [ RunTime:0.000000s ]

