[ 2017-11-24T20:42:21+08:00 ] 127.0.0.1 /index.php?g=Admin&m=Index&a=index
INFO: [ app_init ] --START--
INFO: Run Behavior\BuildLiteBehavior [ RunTime:0.000000s ]
INFO: Run Common\Behavior\InitHookBehavior [ RunTime:0.014000s ]
INFO: [ app_init ] --END-- [ RunTime:0.016001s ]
INFO: [ app_begin ] --START--
INFO: Run Behavior\ReadHtmlCacheBehavior [ RunTime:0.003000s ]
INFO: Run Behavior\CheckLangBehavior [ RunTime:0.007001s ]
INFO: Run Common\Behavior\UrldecodeGetBehavior [ RunTime:0.004000s ]
INFO: [ app_begin ] --END-- [ RunTime:0.014001s ]
INFO: [ admin_begin ] --START--
INFO: Run Common\Behavior\AdminDefaultLangBehavior [ RunTime:0.004000s ]
INFO: [ admin_begin ] --END-- [ RunTime:0.005000s ]
SQL: SHOW COLUMNS FROM `cmf_users` [ RunTime:0.0110s ]
SQL: SELECT * FROM `cmf_users` WHERE `id` = '1' LIMIT 1   [ RunTime:0.0020s ]
NOTIC: [2] Declaration of Think\Model\RelationShipModel::join($join = '') should be compatible with Think\Model::join($join, $type = 'INNER') E:\www\thinkcmfxapi\simplewind\Core\Library\Think\Model\RelationShipModel.class.php 第 0 行.
SQL: SHOW COLUMNS FROM `cmf_menu` [ RunTime:0.0050s ]
SQL: SELECT * FROM `cmf_menu` WHERE `parentid` = 0 AND `status` = 1 ORDER BY `listorder` ASC  [ RunTime:0.0310s ]
SQL: SELECT * FROM `cmf_menu` WHERE `parentid` = 109 AND `status` = 1 ORDER BY `listorder` ASC  [ RunTime:0.0020s ]
SQL: SELECT * FROM `cmf_menu` WHERE `parentid` = 110 AND `status` = 1 ORDER BY `listorder` ASC  [ RunTime:0.0020s ]
SQL: SELECT * FROM `cmf_menu` WHERE `parentid` = 111 AND `status` = 1 ORDER BY `listorder` ASC  [ RunTime:0.0020s ]
SQL: SELECT * FROM `cmf_menu` WHERE `parentid` = 113 AND `status` = 1 ORDER BY `listorder` ASC  [ RunTime:0.0020s ]
SQL: SELECT * FROM `cmf_menu` WHERE `parentid` = 115 AND `status` = 1 ORDER BY `listorder` ASC  [ RunTime:0.0020s ]
SQL: SELECT * FROM `cmf_menu` WHERE `parentid` = 126 AND `status` = 1 ORDER BY `listorder` ASC  [ RunTime:0.0020s ]
SQL: SELECT * FROM `cmf_menu` WHERE `parentid` = 127 AND `status` = 1 ORDER BY `listorder` ASC  [ RunTime:0.0020s ]
SQL: SELECT * FROM `cmf_menu` WHERE `parentid` = 129 AND `status` = 1 ORDER BY `listorder` ASC  [ RunTime:0.0020s ]
SQL: SELECT * FROM `cmf_menu` WHERE `parentid` = 156 AND `status` = 1 ORDER BY `listorder` ASC  [ RunTime:0.0020s ]
SQL: SELECT * FROM `cmf_menu` WHERE `parentid` = 167 AND `status` = 1 ORDER BY `listorder` ASC  [ RunTime:0.0020s ]
SQL: SELECT * FROM `cmf_menu` WHERE `parentid` = 131 AND `status` = 1 ORDER BY `listorder` ASC  [ RunTime:0.0020s ]
SQL: SELECT * FROM `cmf_menu` WHERE `parentid` = 178 AND `status` = 1 ORDER BY `listorder` ASC  [ RunTime:0.0020s ]
SQL: SELECT * FROM `cmf_menu` WHERE `parentid` = 132 AND `status` = 1 ORDER BY `listorder` ASC  [ RunTime:0.0020s ]
SQL: SELECT * FROM `cmf_menu` WHERE `parentid` = 133 AND `status` = 1 ORDER BY `listorder` ASC  [ RunTime:0.0010s ]
SQL: SELECT * FROM `cmf_menu` WHERE `parentid` = 134 AND `status` = 1 ORDER BY `listorder` ASC  [ RunTime:0.0020s ]
SQL: SELECT * FROM `cmf_menu` WHERE `parentid` = 137 AND `status` = 1 ORDER BY `listorder` ASC  [ RunTime:0.0020s ]
SQL: SELECT * FROM `cmf_menu` WHERE `parentid` = 139 AND `status` = 1 ORDER BY `listorder` ASC  [ RunTime:0.0020s ]
SQL: SELECT * FROM `cmf_menu` WHERE `parentid` = 140 AND `status` = 1 ORDER BY `listorder` ASC  [ RunTime:0.0020s ]
SQL: SELECT * FROM `cmf_menu` WHERE `parentid` = 146 AND `status` = 1 ORDER BY `listorder` ASC  [ RunTime:0.0020s ]
SQL: SELECT * FROM `cmf_menu` WHERE `parentid` = 147 AND `status` = 1 ORDER BY `listorder` ASC  [ RunTime:0.0020s ]
SQL: SELECT * FROM `cmf_menu` WHERE `parentid` = 149 AND `status` = 1 ORDER BY `listorder` ASC  [ RunTime:0.0020s ]
SQL: SELECT * FROM `cmf_menu` WHERE `parentid` = 85 AND `status` = 1 ORDER BY `listorder` ASC  [ RunTime:0.0020s ]
SQL: SELECT * FROM `cmf_menu` WHERE `parentid` = 86 AND `status` = 1 ORDER BY `listorder` ASC  [ RunTime:0.0020s ]
SQL: SELECT * FROM `cmf_menu` WHERE `parentid` = 87 AND `status` = 1 ORDER BY `listorder` ASC  [ RunTime:0.0020s ]
SQL: SELECT * FROM `cmf_menu` WHERE `parentid` = 94 AND `status` = 1 ORDER BY `listorder` ASC  [ RunTime:0.0010s ]
SQL: SELECT * FROM `cmf_menu` WHERE `parentid` = 100 AND `status` = 1 ORDER BY `listorder` ASC  [ RunTime:0.0020s ]
SQL: SELECT * FROM `cmf_menu` WHERE `parentid` = 1 AND `status` = 1 ORDER BY `listorder` ASC  [ RunTime:0.0030s ]
SQL: SELECT * FROM `cmf_menu` WHERE `parentid` = 2 AND `status` = 1 ORDER BY `listorder` ASC  [ RunTime:0.0020s ]
SQL: SELECT * FROM `cmf_menu` WHERE `parentid` = 4 AND `status` = 1 ORDER BY `listorder` ASC  [ RunTime:0.0020s ]
SQL: SELECT * FROM `cmf_menu` WHERE `parentid` = 7 AND `status` = 1 ORDER BY `listorder` ASC  [ RunTime:0.0020s ]
SQL: SELECT * FROM `cmf_menu` WHERE `parentid` = 18 AND `status` = 1 ORDER BY `listorder` ASC  [ RunTime:0.0020s ]
SQL: SELECT * FROM `cmf_menu` WHERE `parentid` = 25 AND `status` = 1 ORDER BY `listorder` ASC  [ RunTime:0.0020s ]
SQL: SELECT * FROM `cmf_menu` WHERE `parentid` = 32 AND `status` = 1 ORDER BY `listorder` ASC  [ RunTime:0.0020s ]
SQL: SELECT * FROM `cmf_menu` WHERE `parentid` = 33 AND `status` = 1 ORDER BY `listorder` ASC  [ RunTime:0.0020s ]
SQL: SELECT * FROM `cmf_menu` WHERE `parentid` = 36 AND `status` = 1 ORDER BY `listorder` ASC  [ RunTime:0.0020s ]
SQL: SELECT * FROM `cmf_menu` WHERE `parentid` = 39 AND `status` = 1 ORDER BY `listorder` ASC  [ RunTime:0.0020s ]
SQL: SELECT * FROM `cmf_menu` WHERE `parentid` = 47 AND `status` = 1 ORDER BY `listorder` ASC  [ RunTime:0.0020s ]
SQL: SELECT * FROM `cmf_menu` WHERE `parentid` = 53 AND `status` = 1 ORDER BY `listorder` ASC  [ RunTime:0.0020s ]
SQL: SELECT * FROM `cmf_menu` WHERE `parentid` = 54 AND `status` = 1 ORDER BY `listorder` ASC  [ RunTime:0.0020s ]
SQL: SELECT * FROM `cmf_menu` WHERE `parentid` = 62 AND `status` = 1 ORDER BY `listorder` ASC  [ RunTime:0.0020s ]
SQL: SELECT * FROM `cmf_menu` WHERE `parentid` = 68 AND `status` = 1 ORDER BY `listorder` ASC  [ RunTime:0.0020s ]
SQL: SELECT * FROM `cmf_menu` WHERE `parentid` = 75 AND `status` = 1 ORDER BY `listorder` ASC  [ RunTime:0.0020s ]
SQL: SELECT * FROM `cmf_menu` WHERE `parentid` = 83 AND `status` = 1 ORDER BY `listorder` ASC  [ RunTime:0.0020s ]
SQL: SHOW COLUMNS FROM `cmf_options` [ RunTime:0.0240s ]
SQL: SELECT `option_value` FROM `cmf_options` WHERE `option_name` = 'cdn_settings' LIMIT 1   [ RunTime:0.0010s ]
INFO: [ view_parse ] --START--
INFO: [ template_filter ] --START--
INFO: Run Behavior\ContentReplaceBehavior [ RunTime:0.000000s ]
INFO: [ template_filter ] --END-- [ RunTime:0.000000s ]
INFO: Run Behavior\ParseTemplateBehavior [ RunTime:0.068004s ]
INFO: [ view_parse ] --END-- [ RunTime:0.069004s ]
INFO: [ view_filter ] --START--
INFO: Run Behavior\WriteHtmlCacheBehavior [ RunTime:0.002000s ]
INFO: Run Common\Behavior\TmplStripSpaceBehavior [ RunTime:0.003000s ]
INFO: [ view_filter ] --END-- [ RunTime:0.005000s ]
INFO: [ app_end ] --START--
INFO: Run Behavior\ShowPageTraceBehavior [ RunTime:0.003001s ]
INFO: [ app_end ] --END-- [ RunTime:0.003001s ]

