[ 2017-12-04T21:50:21+08:00 ] 127.0.0.1 /index.php?g=admin&m=public&a=login
INFO: [ app_init ] --START--
INFO: Run Behavior\BuildLiteBehavior [ RunTime:0.000000s ]
INFO: Run Common\Behavior\InitHookBehavior [ RunTime:0.028002s ]
INFO: [ app_init ] --END-- [ RunTime:0.036002s ]
INFO: [ app_begin ] --START--
INFO: Run Behavior\ReadHtmlCacheBehavior [ RunTime:0.003001s ]
INFO: Run Behavior\CheckLangBehavior [ RunTime:0.060003s ]
INFO: Run Common\Behavior\UrldecodeGetBehavior [ RunTime:0.002000s ]
INFO: [ app_begin ] --END-- [ RunTime:0.065004s ]
INFO: [ admin_begin ] --START--
INFO: Run Common\Behavior\AdminDefaultLangBehavior [ RunTime:0.009000s ]
INFO: [ admin_begin ] --END-- [ RunTime:0.009000s ]
SQL: SHOW COLUMNS FROM `cmf_options` [ RunTime:0.0110s ]
SQL: SELECT `option_value` FROM `cmf_options` WHERE `option_name` = 'cdn_settings' LIMIT 1   [ RunTime:0.0010s ]
INFO: [ view_parse ] --START--
INFO: [ template_filter ] --START--
INFO: Run Behavior\ContentReplaceBehavior [ RunTime:0.003000s ]
INFO: [ template_filter ] --END-- [ RunTime:0.003000s ]
INFO: Run Behavior\ParseTemplateBehavior [ RunTime:0.050003s ]
INFO: [ view_parse ] --END-- [ RunTime:0.050003s ]
INFO: [ view_filter ] --START--
INFO: Run Behavior\WriteHtmlCacheBehavior [ RunTime:0.007000s ]
INFO: Run Common\Behavior\TmplStripSpaceBehavior [ RunTime:0.002000s ]
INFO: [ view_filter ] --END-- [ RunTime:0.010000s ]
INFO: [ app_end ] --START--
INFO: Run Behavior\ShowPageTraceBehavior [ RunTime:0.004000s ]
INFO: [ app_end ] --END-- [ RunTime:0.004000s ]

